<?xml version="1.0" encoding="UTF-8"?>
<testng-results skipped="0" failed="0" ignored="0" total="1" passed="1">
  <reporter-output>
  </reporter-output>
  <suite name="Default suite" duration-ms="24707" started-at="2020-07-08T13:22:21 IST" finished-at="2020-07-08T13:22:46 IST">
    <groups>
    </groups>
    <test name="Default test" duration-ms="24707" started-at="2020-07-08T13:22:21 IST" finished-at="2020-07-08T13:22:46 IST">
      <class name="com.zoho.testcases.LoginTest">
        <test-method status="PASS" signature="init()[pri:0, instance:com.zoho.testcases.LoginTest@1e965684]" name="init" is-config="true" duration-ms="18" started-at="2020-07-08T13:22:22 IST" finished-at="2020-07-08T13:22:22 IST">
          <reporter-output>
          </reporter-output>
        </test-method> <!-- init -->
        <test-method status="PASS" signature="loginTest()[pri:0, instance:com.zoho.testcases.LoginTest@1e965684]" name="loginTest" duration-ms="23851" started-at="2020-07-08T13:22:22 IST" finished-at="2020-07-08T13:22:45 IST">
          <reporter-output>
          </reporter-output>
        </test-method> <!-- loginTest -->
        <test-method status="PASS" signature="quit()[pri:0, instance:com.zoho.testcases.LoginTest@1e965684]" name="quit" is-config="true" duration-ms="761" started-at="2020-07-08T13:22:45 IST" finished-at="2020-07-08T13:22:46 IST">
          <reporter-output>
          </reporter-output>
        </test-method> <!-- quit -->
      </class> <!-- com.zoho.testcases.LoginTest -->
    </test> <!-- Default test -->
  </suite> <!-- Default suite -->
</testng-results>
